2024-11-27 12:43:53,738 - Api - INFO - Iniciando serviço de login.
2024-11-27 12:47:09,909 - Api - INFO - Iniciando serviço de cadastro de novo usuário.
2024-11-27 12:47:18,257 - Api - INFO - Iniciando serviço de login.
2024-11-27 12:47:31,836 - Api - INFO - Iniciando serviço de login.
2024-11-27 12:47:35,071 - Api - INFO - Iniciando serviço de buscar tipos de carros.
2024-11-27 12:48:04,104 - Api - INFO - Iniciando serviço de cadastrar novo veículo.
2024-11-27 12:48:10,380 - Api - INFO - Iniciando serviço de buscar tipos de carros.
2024-11-27 12:48:34,483 - Api - INFO - Iniciando serviço de cadastrar novo veículo.
2024-11-27 12:48:48,956 - Api - INFO - Iniciando serviço de login.
2024-11-27 12:49:00,085 - Api - INFO - Iniciando serviço de excluir veículo.
2024-11-27 12:49:10,708 - Api - INFO - Iniciando serviço de login.
2024-11-27 12:49:15,252 - Api - INFO - Iniciando serviço de buscar tipos de carros.
2024-11-27 12:59:38,815 - Api - INFO - Iniciando serviço de cadastro de novo usuário.
2024-11-27 12:59:49,244 - Api - INFO - Iniciando serviço de cadastro de novo usuário.
2024-11-27 12:59:59,739 - Api - INFO - Iniciando serviço de login.
2024-11-27 13:00:12,270 - Api - INFO - Iniciando serviço de login.
2024-11-27 13:00:22,887 - Api - INFO - Iniciando serviço de login.
2024-11-27 13:00:26,091 - Api - INFO - Iniciando serviço de buscar tipos de carros.
2024-11-27 13:00:43,675 - Api - INFO - Iniciando serviço de cadastrar novo veículo.
2024-11-27 13:00:52,262 - Api - INFO - Iniciando serviço de buscar tipos de carros.
2024-11-27 13:01:06,201 - Api - INFO - Iniciando serviço de cadastrar novo veículo.
2024-11-27 13:01:15,605 - Api - INFO - Iniciando serviço de buscar carro pelo id.
2024-11-27 13:01:30,393 - Api - INFO - Iniciando serviço de editar veículo.
2024-11-27 13:01:45,660 - Api - INFO - Iniciando serviço de excluir veículo.
2024-11-27 13:02:03,246 - Api - INFO - Iniciando serviço de login.
2024-11-27 13:02:11,561 - Api - INFO - Iniciando serviço de excluir veículo.
2024-11-27 13:02:24,641 - Api - INFO - Iniciando serviço de login.
2024-11-27 13:02:38,505 - Api - INFO - Iniciando serviço de cadastro de novo usuário.
2024-11-27 13:24:02,696 - Api - INFO - Iniciando serviço de cadastro de novo usuário.
2024-11-27 13:24:18,103 - Api - INFO - Iniciando serviço de login.
2024-11-27 13:24:36,529 - Api - INFO - Iniciando serviço de login.
2024-11-27 13:24:39,780 - Api - INFO - Iniciando serviço de buscar tipos de carros.
2024-11-27 13:24:54,450 - Api - INFO - Iniciando serviço de cadastrar novo veículo.
2024-11-27 13:25:07,067 - Api - INFO - Iniciando serviço de buscar tipos de carros.
2024-11-27 13:25:20,022 - Api - INFO - Iniciando serviço de cadastrar novo veículo.
2024-11-27 13:25:30,054 - Api - INFO - Iniciando serviço de buscar carro pelo id.
2024-11-27 13:25:46,532 - Api - INFO - Iniciando serviço de editar veículo.
2024-11-27 13:25:59,651 - Api - INFO - Iniciando serviço de excluir veículo.
2024-11-27 13:26:14,846 - Api - INFO - Iniciando serviço de login.
2024-11-27 13:26:27,860 - Api - INFO - Iniciando serviço de excluir veículo.
2024-11-27 13:26:35,251 - Api - INFO - Iniciando serviço de login.
2024-11-27 13:26:40,669 - Api - INFO - Iniciando serviço de buscar tipos de carros.
2024-11-27 13:26:51,086 - Api - INFO - Iniciando serviço de cadastrar novo veículo.
2024-11-27 13:27:00,258 - Api - INFO - Iniciando serviço de login.
2024-11-27 13:27:10,106 - Api - INFO - Iniciando serviço de excluir veículo.
2025-01-31 14:43:06,835 - Api - INFO - Iniciando serviço de cadastro de novo usuário.
2025-01-31 14:43:09,364 - Api - INFO - Iniciando serviço de cadastro de novo usuário.
2025-01-31 14:43:13,714 - Api - INFO - Iniciando serviço de cadastro de novo usuário.
2025-01-31 14:43:15,356 - Api - INFO - Iniciando serviço de cadastro de novo usuário.
2025-01-31 14:43:16,195 - Api - INFO - Iniciando serviço de cadastro de novo usuário.
2025-01-31 14:43:17,414 - Api - INFO - Iniciando serviço de login.
2025-01-31 14:43:23,026 - Api - INFO - Iniciando serviço de login.
2025-01-31 14:43:23,075 - Api - INFO - Iniciando serviço de login.
2025-01-31 14:43:23,340 - Api - INFO - Iniciando serviço de login.
2025-01-31 14:53:06,467 - Api - INFO - Iniciando serviço de cadastro de novo usuário.
2025-01-31 15:01:34,484 - Api - INFO - Iniciando serviço de cadastro de novo usuário.
2025-01-31 15:01:41,185 - Api - INFO - Iniciando serviço de login.
2025-01-31 15:04:59,404 - Api - INFO - Iniciando serviço de login.
2025-01-31 15:05:01,803 - Api - INFO - Iniciando serviço de cadastro de novo usuário.
2025-01-31 15:05:04,819 - Api - INFO - Iniciando serviço de login.
2025-01-31 15:05:29,511 - Api - INFO - Iniciando serviço de cadastrar novo veículo.
2025-01-31 15:08:59,563 - Api - INFO - Iniciando serviço de login.
2025-01-31 15:09:02,343 - Api - INFO - Iniciando serviço de excluir veículo.
2025-01-31 15:09:09,352 - Api - INFO - Iniciando serviço de cadastrar novo veículo.
2025-01-31 15:09:17,510 - Api - INFO - Iniciando serviço de cadastrar novo veículo.
2025-01-31 15:09:22,048 - Api - INFO - Iniciando serviço de cadastrar novo veículo.
2025-01-31 15:11:10,793 - Api - INFO - Iniciando serviço de cadastrar novo veículo.
2025-01-31 15:11:15,328 - Api - INFO - Iniciando serviço de excluir veículo.
2025-01-31 15:11:18,196 - Api - INFO - Iniciando serviço de cadastrar novo veículo.
2025-01-31 15:17:10,924 - Api - INFO - Iniciando serviço de login.
2025-01-31 15:17:17,853 - Api - INFO - Iniciando serviço de login.
2025-01-31 15:17:21,454 - Api - INFO - Iniciando serviço de cadastro de novo usuário.
2025-01-31 15:17:23,466 - Api - INFO - Iniciando serviço de login.
2025-01-31 15:17:33,366 - Api - INFO - Iniciando serviço de cadastrar novo veículo.
2025-01-31 15:17:35,431 - Api - INFO - Iniciando serviço de cadastrar novo veículo.
2025-01-31 15:17:36,457 - Api - INFO - Iniciando serviço de cadastrar novo veículo.
2025-01-31 15:17:59,004 - Api - INFO - Iniciando serviço de excluir veículo.
2025-01-31 15:18:33,558 - Api - INFO - Iniciando serviço de excluir veículo.
2025-01-31 15:19:07,333 - Api - INFO - Iniciando serviço de cadastrar novo veículo.
2025-01-31 15:19:14,760 - Api - INFO - Iniciando serviço de editar veículo.
2025-01-31 15:19:21,671 - Api - INFO - Iniciando serviço de editar veículo.
2025-01-31 15:19:31,161 - Api - INFO - Iniciando serviço de login.
2025-01-31 15:19:35,011 - Api - INFO - Iniciando serviço de login.
2025-01-31 15:19:37,727 - Api - INFO - Iniciando serviço de cadastro de novo usuário.
2025-01-31 15:19:39,637 - Api - INFO - Iniciando serviço de login.
2025-01-31 15:20:00,496 - Api - INFO - Iniciando serviço de excluir veículo.
2025-01-31 15:20:15,204 - Api - INFO - Iniciando serviço de login.
2025-01-31 15:20:28,949 - Api - INFO - Iniciando serviço de login.
2025-01-31 15:20:31,565 - Api - INFO - Iniciando serviço de cadastro de novo usuário.
2025-01-31 15:20:32,919 - Api - INFO - Iniciando serviço de login.
2025-01-31 15:20:39,954 - Api - INFO - Iniciando serviço de cadastrar novo veículo.
2025-01-31 15:20:45,746 - Api - INFO - Iniciando serviço de login.
2025-01-31 15:21:00,974 - Api - INFO - Iniciando serviço de excluir veículo.
2025-01-31 15:21:01,920 - Api - INFO - Iniciando serviço de excluir veículo.
2025-01-31 15:21:14,654 - Api - INFO - Iniciando serviço de cadastrar novo veículo.
2025-01-31 15:24:26,997 - Api - INFO - Iniciando serviço de login.
2025-01-31 15:24:31,006 - Api - INFO - Iniciando serviço de login.
2025-01-31 15:24:43,695 - Api - INFO - Iniciando serviço de cadastro de novo usuário.
2025-01-31 15:24:47,889 - Api - INFO - Iniciando serviço de login.
2025-01-31 15:25:05,113 - Api - INFO - Iniciando serviço de cadastrar novo veículo.
2025-01-31 15:25:20,861 - Api - INFO - Iniciando serviço de cadastrar novo veículo.
2025-01-31 15:25:36,814 - Api - INFO - Iniciando serviço de editar veículo.
2025-01-31 15:25:42,642 - Api - INFO - Iniciando serviço de excluir veículo.
2025-01-31 15:25:52,346 - Api - INFO - Iniciando serviço de login.
2025-01-31 15:25:57,220 - Api - INFO - Iniciando serviço de cadastrar novo veículo.
2025-01-31 15:25:59,891 - Api - INFO - Iniciando serviço de excluir veículo.
2025-01-31 15:26:07,814 - Api - INFO - Iniciando serviço de cadastrar novo veículo.
2025-01-31 15:26:16,018 - Api - INFO - Iniciando serviço de login.
2025-01-31 15:26:24,538 - Api - INFO - Iniciando serviço de excluir veículo.
2025-01-31 15:26:31,833 - Api - INFO - Iniciando serviço de cadastro de novo usuário.
2025-01-31 15:26:34,195 - Api - INFO - Iniciando serviço de login.
2025-01-31 15:28:17,101 - Api - INFO - Iniciando serviço de login.
2025-01-31 15:28:22,795 - Api - INFO - Iniciando serviço de login.
